<?xml version="1.0" encoding="UTF-8"?>
<!-- Generated by org.testng.reporters.JUnitReportReporter -->
<testsuite hostname="DESKTOP-0SGMT6V" failures="0" tests="4" name="test.UserApiTests" time="6.887" errors="0" timestamp="2023-10-15T00:31:27 AEDT" skipped="0">
  <testcase classname="test.UserApiTests" name="createUserwithArray" time="3.516"/>
  <testcase classname="test.UserApiTests" name="getUser" time="1.107"/>
  <testcase classname="test.UserApiTests" name="updateUser" time="1.088"/>
  <testcase classname="test.UserApiTests" name="deleteUser" time="1.176"/>
</testsuite> <!-- test.UserApiTests -->
