<?xml version="1.0" encoding="UTF-8"?>
<!-- Generated by org.testng.reporters.JUnitReportReporter -->
<testsuite hostname="DESKTOP-0SGMT6V" failures="0" tests="2" name="test.PetApiTests" time="5.800" errors="0" timestamp="2023-10-14T12:53:34 AEDT" skipped="0">
  <testcase classname="test.PetApiTests" name="createPet" time="3.601"/>
  <testcase classname="test.PetApiTests" name="deleteById" time="2.199"/>
</testsuite> <!-- test.PetApiTests -->
