<?xml version="1.0" encoding="UTF-8"?>
<!-- Generated by org.testng.reporters.JUnitReportReporter -->
<testsuite hostname="DESKTOP-0SGMT6V" failures="0" tests="2" name="test.PetApiTests" time="4.204" errors="0" timestamp="2023-10-13T22:42:12 AEDT" skipped="0">
  <testcase classname="test.PetApiTests" name="createPet" time="2.820"/>
  <testcase classname="test.PetApiTests" name="uploadImage" time="1.384"/>
</testsuite> <!-- test.PetApiTests -->
