<?xml version="1.0" encoding="UTF-8"?>
<!-- Generated by org.testng.reporters.JUnitReportReporter -->
<testsuite hostname="DESKTOP-0SGMT6V" failures="0" tests="2" name="test.StoreApiTests" time="7.034" errors="0" timestamp="2023-10-14T12:37:41 AEDT" skipped="0">
  <testcase classname="test.StoreApiTests" name="placeOrder" time="2.917"/>
  <testcase classname="test.StoreApiTests" name="deleteById" time="4.117"/>
</testsuite> <!-- test.StoreApiTests -->
