<?xml version="1.0" encoding="UTF-8"?>
<!-- Generated by org.testng.reporters.JUnitReportReporter -->
<testsuite hostname="DESKTOP-0SGMT6V" failures="0" tests="1" name="test.PetApiTests" time="3.423" errors="0" timestamp="2023-10-13T18:44:10 AEDT" skipped="0">
  <testcase classname="test.PetApiTests" name="createPet" time="3.423"/>
</testsuite> <!-- test.PetApiTests -->
